0 info it worked if it ends with ok
1 verbose cli [ 'C:\\Program Files\\nodejs\\node.exe',
1 verbose cli   'C:\\Program Files\\nodejs\\node_modules\\npm\\bin\\npm-cli.js',
1 verbose cli   'run',
1 verbose cli   'semantic-release' ]
2 info using npm@2.15.9
3 info using node@v4.5.0
4 verbose run-script [ 'presemantic-release',
4 verbose run-script   'semantic-release',
4 verbose run-script   'postsemantic-release' ]
5 info presemantic-release ds-and-algos-in-js@1.0.0
6 info semantic-release ds-and-algos-in-js@1.0.0
7 verbose unsafe-perm in lifecycle true
8 info ds-and-algos-in-js@1.0.0 Failed to exec semantic-release script
9 verbose stack Error: ds-and-algos-in-js@1.0.0 semantic-release: `semantic-release pre && npm publish && semantic-release post`
9 verbose stack Exit status 1
9 verbose stack     at EventEmitter.<anonymous> (C:\Program Files\nodejs\node_modules\npm\lib\utils\lifecycle.js:217:16)
9 verbose stack     at emitTwo (events.js:87:13)
9 verbose stack     at EventEmitter.emit (events.js:172:7)
9 verbose stack     at ChildProcess.<anonymous> (C:\Program Files\nodejs\node_modules\npm\lib\utils\spawn.js:24:14)
9 verbose stack     at emitTwo (events.js:87:13)
9 verbose stack     at ChildProcess.emit (events.js:172:7)
9 verbose stack     at maybeClose (internal/child_process.js:829:16)
9 verbose stack     at Process.ChildProcess._handle.onexit (internal/child_process.js:211:5)
10 verbose pkgid ds-and-algos-in-js@1.0.0
11 verbose cwd D:\projects\algos
12 error Windows_NT 6.1.7601
13 error argv "C:\\Program Files\\nodejs\\node.exe" "C:\\Program Files\\nodejs\\node_modules\\npm\\bin\\npm-cli.js" "run" "semantic-release"
14 error node v4.5.0
15 error npm  v2.15.9
16 error code ELIFECYCLE
17 error ds-and-algos-in-js@1.0.0 semantic-release: `semantic-release pre && npm publish && semantic-release post`
17 error Exit status 1
18 error Failed at the ds-and-algos-in-js@1.0.0 semantic-release script 'semantic-release pre && npm publish && semantic-release post'.
18 error This is most likely a problem with the ds-and-algos-in-js package,
18 error not with npm itself.
18 error Tell the author that this fails on your system:
18 error     semantic-release pre && npm publish && semantic-release post
18 error You can get information on how to open an issue for this project with:
18 error     npm bugs ds-and-algos-in-js
18 error Or if that isn't available, you can get their info via:
18 error
18 error     npm owner ls ds-and-algos-in-js
18 error There is likely additional logging output above.
19 verbose exit [ 1, true ]
